SF:/Users/kuangtalin/Documents/Universal-Project/storage/cdDB/tests/engine_bench.rs
FN:77,_RNCNCNvCs50FpW2sYHKr_12engine_bench12run_workload00B5_
FN:68,_RNCNvCs50FpW2sYHKr_12engine_bench12run_workload0B3_
FN:201,_RNCNvCs50FpW2sYHKr_12engine_benchs_17covopt_audit_test0B3_
FN:150,_RNCNvCs50FpW2sYHKr_12engine_benchs_17test_engine_bench0B3_
FN:34,_RNvCs50FpW2sYHKr_12engine_bench12run_workload
FN:200,_RNvCs50FpW2sYHKr_12engine_benchs_17covopt_audit_test
FN:145,_RNvCs50FpW2sYHKr_12engine_benchs_17test_engine_bench
FNDA:0,_RNCNCNvCs50FpW2sYHKr_12engine_bench12run_workload00B5_
FNDA:0,_RNCNvCs50FpW2sYHKr_12engine_bench12run_workload0B3_
FNDA:0,_RNCNvCs50FpW2sYHKr_12engine_benchs_17covopt_audit_test0B3_
FNDA:0,_RNCNvCs50FpW2sYHKr_12engine_benchs_17test_engine_bench0B3_
FNDA:0,_RNvCs50FpW2sYHKr_12engine_bench12run_workload
FNDA:1,_RNvCs50FpW2sYHKr_12engine_benchs_17covopt_audit_test
FNDA:0,_RNvCs50FpW2sYHKr_12engine_benchs_17test_engine_bench
FNF:7
FNH:1
DA:34,0
DA:35,0
DA:36,0
DA:38,0
DA:39,0
DA:40,0
DA:41,0
DA:43,0
DA:44,0
DA:45,0
DA:46,0
DA:47,0
DA:48,0
DA:49,0
DA:50,0
DA:51,0
DA:52,0
DA:53,0
DA:55,0
DA:56,0
DA:58,0
DA:61,0
DA:62,0
DA:64,0
DA:65,0
DA:66,0
DA:68,0
DA:69,0
DA:71,0
DA:72,0
DA:73,0
DA:74,0
DA:75,0
DA:77,0
DA:78,0
DA:80,0
DA:81,0
DA:82,0
DA:84,0
DA:86,0
DA:87,0
DA:88,0
DA:89,0
DA:90,0
DA:92,0
DA:94,0
DA:95,0
DA:96,0
DA:97,0
DA:98,0
DA:99,0
DA:101,0
DA:102,0
DA:103,0
DA:105,0
DA:106,0
DA:108,0
DA:110,0
DA:111,0
DA:112,0
DA:113,0
DA:114,0
DA:117,0
DA:120,0
DA:121,0
DA:124,0
DA:125,0
DA:126,0
DA:127,0
DA:128,0
DA:129,0
DA:130,0
DA:131,0
DA:133,0
DA:134,0
DA:136,0
DA:137,0
DA:138,0
DA:139,0
DA:140,0
DA:141,0
DA:142,0
DA:145,0
DA:148,0
DA:149,0
DA:150,0
DA:151,0
DA:152,0
DA:153,0
DA:154,0
DA:155,0
DA:156,0
DA:158,0
DA:159,0
DA:160,0
DA:161,0
DA:162,0
DA:164,0
DA:165,0
DA:166,0
DA:167,0
DA:168,0
DA:169,0
DA:170,0
DA:173,0
DA:176,0
DA:180,0
DA:181,0
DA:182,0
DA:183,0
DA:184,0
DA:185,0
DA:186,0
DA:187,0
DA:188,0
DA:189,0
DA:190,0
DA:191,0
DA:192,0
DA:193,0
DA:194,0
DA:195,0
DA:196,0
DA:197,0
DA:200,1
DA:201,1
DA:202,1
DA:203,1
DA:204,1
DA:205,1
DA:206,1
DA:207,1
DA:208,1
BRF:0
BRH:0
LF:137
LH:9
end_of_record
